The system is: Darwin - 17.2.0 - x86_64
Compiling the C compiler identification source file "CMakeCCompilerId.c" succeeded.
Compiler:  
Build flags: 
Id flags:  

The output was:
0
2017-12-05 18:48:50.650 xcodebuild[64528:11460256] [MT] PluginLoading: Required plug-in compatibility UUID C3998872-68CC-42C2-847C-B44D96AB2691 for plug-in at path '~/Library/Application Support/Developer/Shared/Xcode/Plug-ins/XToDo.xcplugin' not present in DVTPlugInCompatibilityUUIDs
2017-12-05 18:48:50.652 xcodebuild[64528:11460256] [MT] PluginLoading: Required plug-in compatibility UUID C3998872-68CC-42C2-847C-B44D96AB2691 for plug-in at path '~/Library/Application Support/Developer/Shared/Xcode/Plug-ins/XcodeColors.xcplugin' not present in DVTPlugInCompatibilityUUIDs
2017-12-05 18:48:50.653 xcodebuild[64528:11460256] [MT] PluginLoading: Required plug-in compatibility UUID C3998872-68CC-42C2-847C-B44D96AB2691 for plug-in at path '~/Library/Application Support/Developer/Shared/Xcode/Plug-ins/XBookmark.xcplugin' not present in DVTPlugInCompatibilityUUIDs
2017-12-05 18:48:50.654 xcodebuild[64528:11460256] [MT] PluginLoading: Required plug-in compatibility UUID C3998872-68CC-42C2-847C-B44D96AB2691 for plug-in at path '~/Library/Application Support/Developer/Shared/Xcode/Plug-ins/OMColorSense.xcplugin' not present in DVTPlugInCompatibilityUUIDs
2017-12-05 18:48:50.655 xcodebuild[64528:11460256] [MT] PluginLoading: Required plug-in compatibility UUID C3998872-68CC-42C2-847C-B44D96AB2691 for plug-in at path '~/Library/Application Support/Developer/Shared/Xcode/Plug-ins/Multiplex.xcplugin' not present in DVTPlugInCompatibilityUUIDs
2017-12-05 18:48:50.657 xcodebuild[64528:11460256] [MT] PluginLoading: Required plug-in compatibility UUID C3998872-68CC-42C2-847C-B44D96AB2691 for plug-in at path '~/Library/Application Support/Developer/Shared/Xcode/Plug-ins/FixCode.xcplugin' not present in DVTPlugInCompatibilityUUIDs
2017-12-05 18:48:50.657 xcodebuild[64528:11460256] [MT] PluginLoading: Required plug-in compatibility UUID C3998872-68CC-42C2-847C-B44D96AB2691 for plug-in at path '~/Library/Application Support/Developer/Shared/Xcode/Plug-ins/BBUUtilitiesTuckAway.xcplugin' not present in DVTPlugInCompatibilityUUIDs
2017-12-05 18:48:50.658 xcodebuild[64528:11460256] [MT] PluginLoading: Required plug-in compatibility UUID C3998872-68CC-42C2-847C-B44D96AB2691 for plug-in at path '~/Library/Application Support/Developer/Shared/Xcode/Plug-ins/BBUDebuggerTuckAway.xcplugin' not present in DVTPlugInCompatibilityUUIDs
2017-12-05 18:48:50.659 xcodebuild[64528:11460256] [MT] PluginLoading: Required plug-in compatibility UUID C3998872-68CC-42C2-847C-B44D96AB2691 for plug-in at path '~/Library/Application Support/Developer/Shared/Xcode/Plug-ins/Alcatraz.xcplugin' not present in DVTPlugInCompatibilityUUIDs
2017-12-05 18:48:50.659 xcodebuild[64528:11460256] [MT] PluginLoading: Required plug-in compatibility UUID C3998872-68CC-42C2-847C-B44D96AB2691 for plug-in at path '~/Library/Application Support/Developer/Shared/Xcode/Plug-ins/AdjustFontSize.xcplugin' not present in DVTPlugInCompatibilityUUIDs
=== BUILD TARGET CompilerIdC OF PROJECT CompilerIdC WITH THE DEFAULT CONFIGURATION (Debug) ===

Check dependencies

Write auxiliary files
write-file /Users/janverrept/Documents/Development/Projects/Personal/Xcode/MacSunnySender/Frameworks/YASDI/build-xcode/CMakeFiles/3.10.0/CompilerIdC/CompilerIdC.build/Debug/CompilerIdC.build/Script-2C8FEB8E15DC1A1A00E56A5D.sh
chmod 0755 /Users/janverrept/Documents/Development/Projects/Personal/Xcode/MacSunnySender/Frameworks/YASDI/build-xcode/CMakeFiles/3.10.0/CompilerIdC/CompilerIdC.build/Debug/CompilerIdC.build/Script-2C8FEB8E15DC1A1A00E56A5D.sh
/bin/mkdir -p /Users/janverrept/Documents/Development/Projects/Personal/Xcode/MacSunnySender/Frameworks/YASDI/build-xcode/CMakeFiles/3.10.0/CompilerIdC/CompilerIdC.build/Debug/CompilerIdC.build/Objects-normal/x86_64
write-file /Users/janverrept/Documents/Development/Projects/Personal/Xcode/MacSunnySender/Frameworks/YASDI/build-xcode/CMakeFiles/3.10.0/CompilerIdC/CompilerIdC.build/Debug/CompilerIdC.build/Objects-normal/x86_64/CompilerIdC.LinkFileList
write-file /Users/janverrept/Documents/Development/Projects/Personal/Xcode/MacSunnySender/Frameworks/YASDI/build-xcode/CMakeFiles/3.10.0/CompilerIdC/CompilerIdC.build/Debug/CompilerIdC.build/CompilerIdC-project-headers.hmap
write-file /Users/janverrept/Documents/Development/Projects/Personal/Xcode/MacSunnySender/Frameworks/YASDI/build-xcode/CMakeFiles/3.10.0/CompilerIdC/CompilerIdC.build/Debug/CompilerIdC.build/CompilerIdC-own-target-headers.hmap
write-file /Users/janverrept/Documents/Development/Projects/Personal/Xcode/MacSunnySender/Frameworks/YASDI/build-xcode/CMakeFiles/3.10.0/CompilerIdC/CompilerIdC.build/Debug/CompilerIdC.build/CompilerIdC-generated-files.hmap
write-file /Users/janverrept/Documents/Development/Projects/Personal/Xcode/MacSunnySender/Frameworks/YASDI/build-xcode/CMakeFiles/3.10.0/CompilerIdC/CompilerIdC.build/Debug/CompilerIdC.build/CompilerIdC-all-target-headers.hmap
write-file /Users/janverrept/Documents/Development/Projects/Personal/Xcode/MacSunnySender/Frameworks/YASDI/build-xcode/CMakeFiles/3.10.0/CompilerIdC/CompilerIdC.build/Debug/CompilerIdC.build/CompilerIdC.hmap
write-file /Users/janverrept/Documents/Development/Projects/Personal/Xcode/MacSunnySender/Frameworks/YASDI/build-xcode/CMakeFiles/3.10.0/CompilerIdC/CompilerIdC.build/Debug/CompilerIdC.build/CompilerIdC-all-non-framework-target-headers.hmap

CompileC CompilerIdC.build/Debug/CompilerIdC.build/Objects-normal/x86_64/CMakeCCompilerId.o CMakeCCompilerId.c normal x86_64 c com.apple.compilers.llvm.clang.1_0.compiler
    cd /Users/janverrept/Documents/Development/Projects/Personal/Xcode/MacSunnySender/Frameworks/YASDI/build-xcode/CMakeFiles/3.10.0/CompilerIdC
    export LANG=en_US.US-ASCII
    /Applications/Xcode.app/Contents/Developer/Toolchains/XcodeDefault.xctoolchain/usr/bin/clang -x c -arch x86_64 -fmessage-length=0 -fdiagnostics-show-note-include-stack -fmacro-backtrace-limit=0 -Wno-trigraphs -fpascal-strings -Os -Wno-missing-field-initializers -Wno-missing-prototypes -Wno-return-type -Wno-missing-braces -Wparentheses -Wswitch -Wno-unused-function -Wno-unused-label -Wno-unused-parameter -Wno-unused-variable -Wunused-value -Wno-empty-body -Wno-uninitialized -Wno-unknown-pragmas -Wno-shadow -Wno-four-char-constants -Wno-conversion -Wno-constant-conversion -Wno-int-conversion -Wno-bool-conversion -Wno-enum-conversion -Wno-float-conversion -Wno-non-literal-null-conversion -Wno-objc-literal-conversion -Wno-shorten-64-to-32 -Wpointer-sign -Wno-newline-eof -isysroot /Applications/Xcode.app/Contents/Developer/Platforms/MacOSX.platform/Developer/SDKs/MacOSX10.13.sdk -fasm-blocks -fstrict-aliasing -Wdeprecated-declarations -mmacosx-version-min=10.13 -g -fvisibility=hidden -Wno-sign-conversion -Wno-infinite-recursion -Wno-comma -Wno-block-capture-autoreleasing -Wno-strict-prototypes -I/Users/janverrept/Documents/Development/Projects/Personal/Xcode/MacSunnySender/Frameworks/YASDI/build-xcode/CMakeFiles/3.10.0/CompilerIdC/CompilerIdC.build/Debug/CompilerIdC.build/CompilerIdC.hmap -I/Users/janverrept/Documents/Development/Projects/Personal/Xcode/MacSunnySender/Frameworks/YASDI/build-xcode/CMakeFiles/3.10.0/CompilerIdC/include -I/Users/janverrept/Documents/Development/Projects/Personal/Xcode/MacSunnySender/Frameworks/YASDI/build-xcode/CMakeFiles/3.10.0/CompilerIdC/CompilerIdC.build/Debug/CompilerIdC.build/DerivedSources/x86_64 -I/Users/janverrept/Documents/Development/Projects/Personal/Xcode/MacSunnySender/Frameworks/YASDI/build-xcode/CMakeFiles/3.10.0/CompilerIdC/CompilerIdC.build/Debug/CompilerIdC.build/DerivedSources -F/Users/janverrept/Documents/Development/Projects/Personal/Xcode/MacSunnySender/Frameworks/YASDI/build-xcode/CMakeFiles/3.10.0/CompilerIdC -MMD -MT dependencies -MF /Users/janverrept/Documents/Development/Projects/Personal/Xcode/MacSunnySender/Frameworks/YASDI/build-xcode/CMakeFiles/3.10.0/CompilerIdC/CompilerIdC.build/Debug/CompilerIdC.build/Objects-normal/x86_64/CMakeCCompilerId.d --serialize-diagnostics /Users/janverrept/Documents/Development/Projects/Personal/Xcode/MacSunnySender/Frameworks/YASDI/build-xcode/CMakeFiles/3.10.0/CompilerIdC/CompilerIdC.build/Debug/CompilerIdC.build/Objects-normal/x86_64/CMakeCCompilerId.dia -c /Users/janverrept/Documents/Development/Projects/Personal/Xcode/MacSunnySender/Frameworks/YASDI/build-xcode/CMakeFiles/3.10.0/CompilerIdC/CMakeCCompilerId.c -o /Users/janverrept/Documents/Development/Projects/Personal/Xcode/MacSunnySender/Frameworks/YASDI/build-xcode/CMakeFiles/3.10.0/CompilerIdC/CompilerIdC.build/Debug/CompilerIdC.build/Objects-normal/x86_64/CMakeCCompilerId.o

Ld CompilerIdC normal x86_64
    cd /Users/janverrept/Documents/Development/Projects/Personal/Xcode/MacSunnySender/Frameworks/YASDI/build-xcode/CMakeFiles/3.10.0/CompilerIdC
    export MACOSX_DEPLOYMENT_TARGET=10.13
    /Applications/Xcode.app/Contents/Developer/Toolchains/XcodeDefault.xctoolchain/usr/bin/clang -arch x86_64 -isysroot /Applications/Xcode.app/Contents/Developer/Platforms/MacOSX.platform/Developer/SDKs/MacOSX10.13.sdk -L/Users/janverrept/Documents/Development/Projects/Personal/Xcode/MacSunnySender/Frameworks/YASDI/build-xcode/CMakeFiles/3.10.0/CompilerIdC -F/Users/janverrept/Documents/Development/Projects/Personal/Xcode/MacSunnySender/Frameworks/YASDI/build-xcode/CMakeFiles/3.10.0/CompilerIdC -filelist /Users/janverrept/Documents/Development/Projects/Personal/Xcode/MacSunnySender/Frameworks/YASDI/build-xcode/CMakeFiles/3.10.0/CompilerIdC/CompilerIdC.build/Debug/CompilerIdC.build/Objects-normal/x86_64/CompilerIdC.LinkFileList -mmacosx-version-min=10.13 -Xlinker -object_path_lto -Xlinker /Users/janverrept/Documents/Development/Projects/Personal/Xcode/MacSunnySender/Frameworks/YASDI/build-xcode/CMakeFiles/3.10.0/CompilerIdC/CompilerIdC.build/Debug/CompilerIdC.build/Objects-normal/x86_64/CompilerIdC_lto.o -Xlinker -dependency_info -Xlinker /Users/janverrept/Documents/Development/Projects/Personal/Xcode/MacSunnySender/Frameworks/YASDI/build-xcode/CMakeFiles/3.10.0/CompilerIdC/CompilerIdC.build/Debug/CompilerIdC.build/Objects-normal/x86_64/CompilerIdC_dependency_info.dat -o /Users/janverrept/Documents/Development/Projects/Personal/Xcode/MacSunnySender/Frameworks/YASDI/build-xcode/CMakeFiles/3.10.0/CompilerIdC/CompilerIdC

PhaseScriptExecution Run\ Script CompilerIdC.build/Debug/CompilerIdC.build/Script-2C8FEB8E15DC1A1A00E56A5D.sh
    cd /Users/janverrept/Documents/Development/Projects/Personal/Xcode/MacSunnySender/Frameworks/YASDI/build-xcode/CMakeFiles/3.10.0/CompilerIdC
    /bin/sh -c /Users/janverrept/Documents/Development/Projects/Personal/Xcode/MacSunnySender/Frameworks/YASDI/build-xcode/CMakeFiles/3.10.0/CompilerIdC/CompilerIdC.build/Debug/CompilerIdC.build/Script-2C8FEB8E15DC1A1A00E56A5D.sh
GCC_VERSION=com.apple.compilers.llvm.clang.1_0
CURRENT_ARCH=x86_64

** BUILD SUCCEEDED **



Compilation of the C compiler identification source "CMakeCCompilerId.c" produced "CompilerIdC"

The C compiler identification is AppleClang, found in "/Users/janverrept/Documents/Development/Projects/Personal/Xcode/MacSunnySender/Frameworks/YASDI/build-xcode/CMakeFiles/3.10.0/CompilerIdC/CompilerIdC"

Determining if the C compiler works passed with the following output:
Change Dir: /Users/janverrept/Documents/Development/Projects/Personal/Xcode/MacSunnySender/Frameworks/YASDI/build-xcode/CMakeFiles/CMakeTmp

Run Build Command:"/usr/bin/xcodebuild" "-project" "CMAKE_TRY_COMPILE.xcodeproj" "build" "-target" "cmTC_765fe" "-configuration" "Debug"
2017-12-05 18:48:51.723 xcodebuild[64544:11460365] [MT] PluginLoading: Required plug-in compatibility UUID C3998872-68CC-42C2-847C-B44D96AB2691 for plug-in at path '~/Library/Application Support/Developer/Shared/Xcode/Plug-ins/XToDo.xcplugin' not present in DVTPlugInCompatibilityUUIDs
2017-12-05 18:48:51.724 xcodebuild[64544:11460365] [MT] PluginLoading: Required plug-in compatibility UUID C3998872-68CC-42C2-847C-B44D96AB2691 for plug-in at path '~/Library/Application Support/Developer/Shared/Xcode/Plug-ins/XcodeColors.xcplugin' not present in DVTPlugInCompatibilityUUIDs
2017-12-05 18:48:51.724 xcodebuild[64544:11460365] [MT] PluginLoading: Required plug-in compatibility UUID C3998872-68CC-42C2-847C-B44D96AB2691 for plug-in at path '~/Library/Application Support/Developer/Shared/Xcode/Plug-ins/XBookmark.xcplugin' not present in DVTPlugInCompatibilityUUIDs
2017-12-05 18:48:51.724 xcodebuild[64544:11460365] [MT] PluginLoading: Required plug-in compatibility UUID C3998872-68CC-42C2-847C-B44D96AB2691 for plug-in at path '~/Library/Application Support/Developer/Shared/Xcode/Plug-ins/OMColorSense.xcplugin' not present in DVTPlugInCompatibilityUUIDs
2017-12-05 18:48:51.724 xcodebuild[64544:11460365] [MT] PluginLoading: Required plug-in compatibility UUID C3998872-68CC-42C2-847C-B44D96AB2691 for plug-in at path '~/Library/Application Support/Developer/Shared/Xcode/Plug-ins/Multiplex.xcplugin' not present in DVTPlugInCompatibilityUUIDs
2017-12-05 18:48:51.725 xcodebuild[64544:11460365] [MT] PluginLoading: Required plug-in compatibility UUID C3998872-68CC-42C2-847C-B44D96AB2691 for plug-in at path '~/Library/Application Support/Developer/Shared/Xcode/Plug-ins/FixCode.xcplugin' not present in DVTPlugInCompatibilityUUIDs
2017-12-05 18:48:51.725 xcodebuild[64544:11460365] [MT] PluginLoading: Required plug-in compatibility UUID C3998872-68CC-42C2-847C-B44D96AB2691 for plug-in at path '~/Library/Application Support/Developer/Shared/Xcode/Plug-ins/BBUUtilitiesTuckAway.xcplugin' not present in DVTPlugInCompatibilityUUIDs
2017-12-05 18:48:51.725 xcodebuild[64544:11460365] [MT] PluginLoading: Required plug-in compatibility UUID C3998872-68CC-42C2-847C-B44D96AB2691 for plug-in at path '~/Library/Application Support/Developer/Shared/Xcode/Plug-ins/BBUDebuggerTuckAway.xcplugin' not present in DVTPlugInCompatibilityUUIDs
2017-12-05 18:48:51.726 xcodebuild[64544:11460365] [MT] PluginLoading: Required plug-in compatibility UUID C3998872-68CC-42C2-847C-B44D96AB2691 for plug-in at path '~/Library/Application Support/Developer/Shared/Xcode/Plug-ins/Alcatraz.xcplugin' not present in DVTPlugInCompatibilityUUIDs
2017-12-05 18:48:51.726 xcodebuild[64544:11460365] [MT] PluginLoading: Required plug-in compatibility UUID C3998872-68CC-42C2-847C-B44D96AB2691 for plug-in at path '~/Library/Application Support/Developer/Shared/Xcode/Plug-ins/AdjustFontSize.xcplugin' not present in DVTPlugInCompatibilityUUIDs
=== BUILD TARGET cmTC_765fe OF PROJECT CMAKE_TRY_COMPILE WITH CONFIGURATION Debug ===

Check dependencies

Write auxiliary files
/bin/mkdir -p /Users/janverrept/Documents/Development/Projects/Personal/Xcode/MacSunnySender/Frameworks/YASDI/build-xcode/CMakeFiles/CMakeTmp/CMAKE_TRY_COMPILE.build/Debug/cmTC_765fe.build/Objects-normal/x86_64
write-file /Users/janverrept/Documents/Development/Projects/Personal/Xcode/MacSunnySender/Frameworks/YASDI/build-xcode/CMakeFiles/CMakeTmp/CMAKE_TRY_COMPILE.build/Debug/cmTC_765fe.build/Objects-normal/x86_64/cmTC_765fe.LinkFileList

CompileC CMAKE_TRY_COMPILE.build/Debug/cmTC_765fe.build/Objects-normal/x86_64/testCCompiler.o testCCompiler.c normal x86_64 c com.apple.compilers.llvm.clang.1_0.compiler
    cd /Users/janverrept/Documents/Development/Projects/Personal/Xcode/MacSunnySender/Frameworks/YASDI/build-xcode/CMakeFiles/CMakeTmp
    export LANG=en_US.US-ASCII
    /Applications/Xcode.app/Contents/Developer/Toolchains/XcodeDefault.xctoolchain/usr/bin/clang -x c -arch x86_64 -fmessage-length=0 -fdiagnostics-show-note-include-stack -fmacro-backtrace-limit=0 -Wno-trigraphs -fpascal-strings -O0 -Wno-missing-field-initializers -Wno-missing-prototypes -Wno-return-type -Wno-missing-braces -Wparentheses -Wswitch -Wno-unused-function -Wno-unused-label -Wno-unused-parameter -Wno-unused-variable -Wunused-value -Wno-empty-body -Wno-uninitialized -Wno-unknown-pragmas -Wno-shadow -Wno-four-char-constants -Wno-conversion -Wno-constant-conversion -Wno-int-conversion -Wno-bool-conversion -Wno-enum-conversion -Wno-float-conversion -Wno-non-literal-null-conversion -Wno-objc-literal-conversion -Wno-shorten-64-to-32 -Wpointer-sign -Wno-newline-eof -DCMAKE_INTDIR=\"Debug\" -isysroot /Applications/Xcode.app/Contents/Developer/Platforms/MacOSX.platform/Developer/SDKs/MacOSX10.13.sdk -fasm-blocks -fstrict-aliasing -Wdeprecated-declarations -mmacosx-version-min=10.13 -g -Wno-sign-conversion -Wno-infinite-recursion -Wno-comma -Wno-block-capture-autoreleasing -Wno-strict-prototypes -I/Users/janverrept/Documents/Development/Projects/Personal/Xcode/MacSunnySender/Frameworks/YASDI/build-xcode/CMakeFiles/CMakeTmp/Debug/include -I/Users/janverrept/Documents/Development/Projects/Personal/Xcode/MacSunnySender/Frameworks/YASDI/build-xcode/CMakeFiles/CMakeTmp/CMAKE_TRY_COMPILE.build/Debug/cmTC_765fe.build/DerivedSources/x86_64 -I/Users/janverrept/Documents/Development/Projects/Personal/Xcode/MacSunnySender/Frameworks/YASDI/build-xcode/CMakeFiles/CMakeTmp/CMAKE_TRY_COMPILE.build/Debug/cmTC_765fe.build/DerivedSources -Wmost -Wno-four-char-constants -Wno-unknown-pragmas -F/Users/janverrept/Documents/Development/Projects/Personal/Xcode/MacSunnySender/Frameworks/YASDI/build-xcode/CMakeFiles/CMakeTmp/Debug -MMD -MT dependencies -MF /Users/janverrept/Documents/Development/Projects/Personal/Xcode/MacSunnySender/Frameworks/YASDI/build-xcode/CMakeFiles/CMakeTmp/CMAKE_TRY_COMPILE.build/Debug/cmTC_765fe.build/Objects-normal/x86_64/testCCompiler.d --serialize-diagnostics /Users/janverrept/Documents/Development/Projects/Personal/Xcode/MacSunnySender/Frameworks/YASDI/build-xcode/CMakeFiles/CMakeTmp/CMAKE_TRY_COMPILE.build/Debug/cmTC_765fe.build/Objects-normal/x86_64/testCCompiler.dia -c /Users/janverrept/Documents/Development/Projects/Personal/Xcode/MacSunnySender/Frameworks/YASDI/build-xcode/CMakeFiles/CMakeTmp/testCCompiler.c -o /Users/janverrept/Documents/Development/Projects/Personal/Xcode/MacSunnySender/Frameworks/YASDI/build-xcode/CMakeFiles/CMakeTmp/CMAKE_TRY_COMPILE.build/Debug/cmTC_765fe.build/Objects-normal/x86_64/testCCompiler.o

Ld Debug/cmTC_765fe normal x86_64
    cd /Users/janverrept/Documents/Development/Projects/Personal/Xcode/MacSunnySender/Frameworks/YASDI/build-xcode/CMakeFiles/CMakeTmp
    export MACOSX_DEPLOYMENT_TARGET=10.13
    /Applications/Xcode.app/Contents/Developer/Toolchains/XcodeDefault.xctoolchain/usr/bin/clang -arch x86_64 -isysroot /Applications/Xcode.app/Contents/Developer/Platforms/MacOSX.platform/Developer/SDKs/MacOSX10.13.sdk -L/Users/janverrept/Documents/Development/Projects/Personal/Xcode/MacSunnySender/Frameworks/YASDI/build-xcode/CMakeFiles/CMakeTmp/Debug -F/Users/janverrept/Documents/Development/Projects/Personal/Xcode/MacSunnySender/Frameworks/YASDI/build-xcode/CMakeFiles/CMakeTmp/Debug -filelist /Users/janverrept/Documents/Development/Projects/Personal/Xcode/MacSunnySender/Frameworks/YASDI/build-xcode/CMakeFiles/CMakeTmp/CMAKE_TRY_COMPILE.build/Debug/cmTC_765fe.build/Objects-normal/x86_64/cmTC_765fe.LinkFileList -mmacosx-version-min=10.13 -Xlinker -object_path_lto -Xlinker /Users/janverrept/Documents/Development/Projects/Personal/Xcode/MacSunnySender/Frameworks/YASDI/build-xcode/CMakeFiles/CMakeTmp/CMAKE_TRY_COMPILE.build/Debug/cmTC_765fe.build/Objects-normal/x86_64/cmTC_765fe_lto.o -Xlinker -no_deduplicate -Wl,-search_paths_first -Wl,-headerpad_max_install_names -Xlinker -dependency_info -Xlinker /Users/janverrept/Documents/Development/Projects/Personal/Xcode/MacSunnySender/Frameworks/YASDI/build-xcode/CMakeFiles/CMakeTmp/CMAKE_TRY_COMPILE.build/Debug/cmTC_765fe.build/Objects-normal/x86_64/cmTC_765fe_dependency_info.dat -o /Users/janverrept/Documents/Development/Projects/Personal/Xcode/MacSunnySender/Frameworks/YASDI/build-xcode/CMakeFiles/CMakeTmp/Debug/cmTC_765fe

** BUILD SUCCEEDED **



Detecting C compiler ABI info compiled with the following output:
Change Dir: /Users/janverrept/Documents/Development/Projects/Personal/Xcode/MacSunnySender/Frameworks/YASDI/build-xcode/CMakeFiles/CMakeTmp

Run Build Command:"/usr/bin/xcodebuild" "-project" "CMAKE_TRY_COMPILE.xcodeproj" "build" "-target" "cmTC_3e4d9" "-configuration" "Debug"
2017-12-05 18:48:52.727 xcodebuild[64559:11460486] [MT] PluginLoading: Required plug-in compatibility UUID C3998872-68CC-42C2-847C-B44D96AB2691 for plug-in at path '~/Library/Application Support/Developer/Shared/Xcode/Plug-ins/XToDo.xcplugin' not present in DVTPlugInCompatibilityUUIDs
2017-12-05 18:48:52.728 xcodebuild[64559:11460486] [MT] PluginLoading: Required plug-in compatibility UUID C3998872-68CC-42C2-847C-B44D96AB2691 for plug-in at path '~/Library/Application Support/Developer/Shared/Xcode/Plug-ins/XcodeColors.xcplugin' not present in DVTPlugInCompatibilityUUIDs
2017-12-05 18:48:52.728 xcodebuild[64559:11460486] [MT] PluginLoading: Required plug-in compatibility UUID C3998872-68CC-42C2-847C-B44D96AB2691 for plug-in at path '~/Library/Application Support/Developer/Shared/Xcode/Plug-ins/XBookmark.xcplugin' not present in DVTPlugInCompatibilityUUIDs
2017-12-05 18:48:52.728 xcodebuild[64559:11460486] [MT] PluginLoading: Required plug-in compatibility UUID C3998872-68CC-42C2-847C-B44D96AB2691 for plug-in at path '~/Library/Application Support/Developer/Shared/Xcode/Plug-ins/OMColorSense.xcplugin' not present in DVTPlugInCompatibilityUUIDs
2017-12-05 18:48:52.728 xcodebuild[64559:11460486] [MT] PluginLoading: Required plug-in compatibility UUID C3998872-68CC-42C2-847C-B44D96AB2691 for plug-in at path '~/Library/Application Support/Developer/Shared/Xcode/Plug-ins/Multiplex.xcplugin' not present in DVTPlugInCompatibilityUUIDs
2017-12-05 18:48:52.729 xcodebuild[64559:11460486] [MT] PluginLoading: Required plug-in compatibility UUID C3998872-68CC-42C2-847C-B44D96AB2691 for plug-in at path '~/Library/Application Support/Developer/Shared/Xcode/Plug-ins/FixCode.xcplugin' not present in DVTPlugInCompatibilityUUIDs
2017-12-05 18:48:52.729 xcodebuild[64559:11460486] [MT] PluginLoading: Required plug-in compatibility UUID C3998872-68CC-42C2-847C-B44D96AB2691 for plug-in at path '~/Library/Application Support/Developer/Shared/Xcode/Plug-ins/BBUUtilitiesTuckAway.xcplugin' not present in DVTPlugInCompatibilityUUIDs
2017-12-05 18:48:52.729 xcodebuild[64559:11460486] [MT] PluginLoading: Required plug-in compatibility UUID C3998872-68CC-42C2-847C-B44D96AB2691 for plug-in at path '~/Library/Application Support/Developer/Shared/Xcode/Plug-ins/BBUDebuggerTuckAway.xcplugin' not present in DVTPlugInCompatibilityUUIDs
2017-12-05 18:48:52.729 xcodebuild[64559:11460486] [MT] PluginLoading: Required plug-in compatibility UUID C3998872-68CC-42C2-847C-B44D96AB2691 for plug-in at path '~/Library/Application Support/Developer/Shared/Xcode/Plug-ins/Alcatraz.xcplugin' not present in DVTPlugInCompatibilityUUIDs
2017-12-05 18:48:52.730 xcodebuild[64559:11460486] [MT] PluginLoading: Required plug-in compatibility UUID C3998872-68CC-42C2-847C-B44D96AB2691 for plug-in at path '~/Library/Application Support/Developer/Shared/Xcode/Plug-ins/AdjustFontSize.xcplugin' not present in DVTPlugInCompatibilityUUIDs
=== BUILD TARGET cmTC_3e4d9 OF PROJECT CMAKE_TRY_COMPILE WITH CONFIGURATION Debug ===

Check dependencies

Write auxiliary files
/bin/mkdir -p /Users/janverrept/Documents/Development/Projects/Personal/Xcode/MacSunnySender/Frameworks/YASDI/build-xcode/CMakeFiles/CMakeTmp/CMAKE_TRY_COMPILE.build/Debug/cmTC_3e4d9.build/Objects-normal/x86_64
write-file /Users/janverrept/Documents/Development/Projects/Personal/Xcode/MacSunnySender/Frameworks/YASDI/build-xcode/CMakeFiles/CMakeTmp/CMAKE_TRY_COMPILE.build/Debug/cmTC_3e4d9.build/Objects-normal/x86_64/cmTC_3e4d9.LinkFileList

CompileC CMAKE_TRY_COMPILE.build/Debug/cmTC_3e4d9.build/Objects-normal/x86_64/CMakeCCompilerABI.o /usr/local/Cellar/cmake/3.10.0/share/cmake/Modules/CMakeCCompilerABI.c normal x86_64 c com.apple.compilers.llvm.clang.1_0.compiler
    cd /Users/janverrept/Documents/Development/Projects/Personal/Xcode/MacSunnySender/Frameworks/YASDI/build-xcode/CMakeFiles/CMakeTmp
    export LANG=en_US.US-ASCII
    /Applications/Xcode.app/Contents/Developer/Toolchains/XcodeDefault.xctoolchain/usr/bin/clang -x c -arch x86_64 -fmessage-length=0 -fdiagnostics-show-note-include-stack -fmacro-backtrace-limit=0 -Wno-trigraphs -fpascal-strings -O0 -Wno-missing-field-initializers -Wno-missing-prototypes -Wno-return-type -Wno-missing-braces -Wparentheses -Wswitch -Wno-unused-function -Wno-unused-label -Wno-unused-parameter -Wno-unused-variable -Wunused-value -Wno-empty-body -Wno-uninitialized -Wno-unknown-pragmas -Wno-shadow -Wno-four-char-constants -Wno-conversion -Wno-constant-conversion -Wno-int-conversion -Wno-bool-conversion -Wno-enum-conversion -Wno-float-conversion -Wno-non-literal-null-conversion -Wno-objc-literal-conversion -Wno-shorten-64-to-32 -Wpointer-sign -Wno-newline-eof -DCMAKE_INTDIR=\"Debug\" -isysroot /Applications/Xcode.app/Contents/Developer/Platforms/MacOSX.platform/Developer/SDKs/MacOSX10.13.sdk -fasm-blocks -fstrict-aliasing -Wdeprecated-declarations -mmacosx-version-min=10.13 -g -Wno-sign-conversion -Wno-infinite-recursion -Wno-comma -Wno-block-capture-autoreleasing -Wno-strict-prototypes -I/Users/janverrept/Documents/Development/Projects/Personal/Xcode/MacSunnySender/Frameworks/YASDI/build-xcode/CMakeFiles/CMakeTmp/Debug/include -I/Users/janverrept/Documents/Development/Projects/Personal/Xcode/MacSunnySender/Frameworks/YASDI/build-xcode/CMakeFiles/CMakeTmp/CMAKE_TRY_COMPILE.build/Debug/cmTC_3e4d9.build/DerivedSources/x86_64 -I/Users/janverrept/Documents/Development/Projects/Personal/Xcode/MacSunnySender/Frameworks/YASDI/build-xcode/CMakeFiles/CMakeTmp/CMAKE_TRY_COMPILE.build/Debug/cmTC_3e4d9.build/DerivedSources -Wmost -Wno-four-char-constants -Wno-unknown-pragmas -F/Users/janverrept/Documents/Development/Projects/Personal/Xcode/MacSunnySender/Frameworks/YASDI/build-xcode/CMakeFiles/CMakeTmp/Debug -MMD -MT dependencies -MF /Users/janverrept/Documents/Development/Projects/Personal/Xcode/MacSunnySender/Frameworks/YASDI/build-xcode/CMakeFiles/CMakeTmp/CMAKE_TRY_COMPILE.build/Debug/cmTC_3e4d9.build/Objects-normal/x86_64/CMakeCCompilerABI.d --serialize-diagnostics /Users/janverrept/Documents/Development/Projects/Personal/Xcode/MacSunnySender/Frameworks/YASDI/build-xcode/CMakeFiles/CMakeTmp/CMAKE_TRY_COMPILE.build/Debug/cmTC_3e4d9.build/Objects-normal/x86_64/CMakeCCompilerABI.dia -c /usr/local/Cellar/cmake/3.10.0/share/cmake/Modules/CMakeCCompilerABI.c -o /Users/janverrept/Documents/Development/Projects/Personal/Xcode/MacSunnySender/Frameworks/YASDI/build-xcode/CMakeFiles/CMakeTmp/CMAKE_TRY_COMPILE.build/Debug/cmTC_3e4d9.build/Objects-normal/x86_64/CMakeCCompilerABI.o

Ld Debug/cmTC_3e4d9 normal x86_64
    cd /Users/janverrept/Documents/Development/Projects/Personal/Xcode/MacSunnySender/Frameworks/YASDI/build-xcode/CMakeFiles/CMakeTmp
    export MACOSX_DEPLOYMENT_TARGET=10.13
    /Applications/Xcode.app/Contents/Developer/Toolchains/XcodeDefault.xctoolchain/usr/bin/clang -arch x86_64 -isysroot /Applications/Xcode.app/Contents/Developer/Platforms/MacOSX.platform/Developer/SDKs/MacOSX10.13.sdk -L/Users/janverrept/Documents/Development/Projects/Personal/Xcode/MacSunnySender/Frameworks/YASDI/build-xcode/CMakeFiles/CMakeTmp/Debug -F/Users/janverrept/Documents/Development/Projects/Personal/Xcode/MacSunnySender/Frameworks/YASDI/build-xcode/CMakeFiles/CMakeTmp/Debug -filelist /Users/janverrept/Documents/Development/Projects/Personal/Xcode/MacSunnySender/Frameworks/YASDI/build-xcode/CMakeFiles/CMakeTmp/CMAKE_TRY_COMPILE.build/Debug/cmTC_3e4d9.build/Objects-normal/x86_64/cmTC_3e4d9.LinkFileList -mmacosx-version-min=10.13 -Xlinker -object_path_lto -Xlinker /Users/janverrept/Documents/Development/Projects/Personal/Xcode/MacSunnySender/Frameworks/YASDI/build-xcode/CMakeFiles/CMakeTmp/CMAKE_TRY_COMPILE.build/Debug/cmTC_3e4d9.build/Objects-normal/x86_64/cmTC_3e4d9_lto.o -Xlinker -no_deduplicate -v -Wl,-v -Wl,-search_paths_first -Wl,-headerpad_max_install_names -Xlinker -dependency_info -Xlinker /Users/janverrept/Documents/Development/Projects/Personal/Xcode/MacSunnySender/Frameworks/YASDI/build-xcode/CMakeFiles/CMakeTmp/CMAKE_TRY_COMPILE.build/Debug/cmTC_3e4d9.build/Objects-normal/x86_64/cmTC_3e4d9_dependency_info.dat -o /Users/janverrept/Documents/Development/Projects/Personal/Xcode/MacSunnySender/Frameworks/YASDI/build-xcode/CMakeFiles/CMakeTmp/Debug/cmTC_3e4d9
Apple LLVM version 9.0.0 (clang-900.0.38)
Target: x86_64-apple-darwin17.2.0
Thread model: posix
InstalledDir: /Applications/Xcode.app/Contents/Developer/Toolchains/XcodeDefault.xctoolchain/usr/bin
 "/Applications/Xcode.app/Contents/Developer/Toolchains/XcodeDefault.xctoolchain/usr/bin/ld" -demangle -lto_library /Applications/Xcode.app/Contents/Developer/Toolchains/XcodeDefault.xctoolchain/usr/lib/libLTO.dylib -dynamic -arch x86_64 -macosx_version_min 10.13.0 -syslibroot /Applications/Xcode.app/Contents/Developer/Platforms/MacOSX.platform/Developer/SDKs/MacOSX10.13.sdk -o /Users/janverrept/Documents/Development/Projects/Personal/Xcode/MacSunnySender/Frameworks/YASDI/build-xcode/CMakeFiles/CMakeTmp/Debug/cmTC_3e4d9 -L/Users/janverrept/Documents/Development/Projects/Personal/Xcode/MacSunnySender/Frameworks/YASDI/build-xcode/CMakeFiles/CMakeTmp/Debug -filelist /Users/janverrept/Documents/Development/Projects/Personal/Xcode/MacSunnySender/Frameworks/YASDI/build-xcode/CMakeFiles/CMakeTmp/CMAKE_TRY_COMPILE.build/Debug/cmTC_3e4d9.build/Objects-normal/x86_64/cmTC_3e4d9.LinkFileList -object_path_lto /Users/janverrept/Documents/Development/Projects/Personal/Xcode/MacSunnySender/Frameworks/YASDI/build-xcode/CMakeFiles/CMakeTmp/CMAKE_TRY_COMPILE.build/Debug/cmTC_3e4d9.build/Objects-normal/x86_64/cmTC_3e4d9_lto.o -no_deduplicate -v -search_paths_first -headerpad_max_install_names -dependency_info /Users/janverrept/Documents/Development/Projects/Personal/Xcode/MacSunnySender/Frameworks/YASDI/build-xcode/CMakeFiles/CMakeTmp/CMAKE_TRY_COMPILE.build/Debug/cmTC_3e4d9.build/Objects-normal/x86_64/cmTC_3e4d9_dependency_info.dat -lSystem /Applications/Xcode.app/Contents/Developer/Toolchains/XcodeDefault.xctoolchain/usr/lib/clang/9.0.0/lib/darwin/libclang_rt.osx.a -F/Users/janverrept/Documents/Development/Projects/Personal/Xcode/MacSunnySender/Frameworks/YASDI/build-xcode/CMakeFiles/CMakeTmp/Debug
@(#)PROGRAM:ld  PROJECT:ld64-302.3.1
configured to support archs: armv6 armv7 armv7s arm64 i386 x86_64 x86_64h armv6m armv7k armv7m armv7em (tvOS)
Library search paths:
	/Users/janverrept/Documents/Development/Projects/Personal/Xcode/MacSunnySender/Frameworks/YASDI/build-xcode/CMakeFiles/CMakeTmp/Debug
	/Applications/Xcode.app/Contents/Developer/Platforms/MacOSX.platform/Developer/SDKs/MacOSX10.13.sdk/usr/lib
Framework search paths:
	/Users/janverrept/Documents/Development/Projects/Personal/Xcode/MacSunnySender/Frameworks/YASDI/build-xcode/CMakeFiles/CMakeTmp/Debug
	/Applications/Xcode.app/Contents/Developer/Platforms/MacOSX.platform/Developer/SDKs/MacOSX10.13.sdk/System/Library/Frameworks/

** BUILD SUCCEEDED **



Parsed C implicit link information from above output:
  link line regex: [^( *|.*[/\])(ld|CMAKE_LINK_STARTFILE-NOTFOUND|([^/\]+-)?ld|collect2)[^/\]*( |$)]
  ignore line: [Change Dir: /Users/janverrept/Documents/Development/Projects/Personal/Xcode/MacSunnySender/Frameworks/YASDI/build-xcode/CMakeFiles/CMakeTmp]
  ignore line: []
  ignore line: [Run Build Command:"/usr/bin/xcodebuild" "-project" "CMAKE_TRY_COMPILE.xcodeproj" "build" "-target" "cmTC_3e4d9" "-configuration" "Debug"]
  ignore line: [2017-12-05 18:48:52.727 xcodebuild[64559:11460486] [MT] PluginLoading: Required plug-in compatibility UUID C3998872-68CC-42C2-847C-B44D96AB2691 for plug-in at path '~/Library/Application Support/Developer/Shared/Xcode/Plug-ins/XToDo.xcplugin' not present in DVTPlugInCompatibilityUUIDs]
  ignore line: [2017-12-05 18:48:52.728 xcodebuild[64559:11460486] [MT] PluginLoading: Required plug-in compatibility UUID C3998872-68CC-42C2-847C-B44D96AB2691 for plug-in at path '~/Library/Application Support/Developer/Shared/Xcode/Plug-ins/XcodeColors.xcplugin' not present in DVTPlugInCompatibilityUUIDs]
  ignore line: [2017-12-05 18:48:52.728 xcodebuild[64559:11460486] [MT] PluginLoading: Required plug-in compatibility UUID C3998872-68CC-42C2-847C-B44D96AB2691 for plug-in at path '~/Library/Application Support/Developer/Shared/Xcode/Plug-ins/XBookmark.xcplugin' not present in DVTPlugInCompatibilityUUIDs]
  ignore line: [2017-12-05 18:48:52.728 xcodebuild[64559:11460486] [MT] PluginLoading: Required plug-in compatibility UUID C3998872-68CC-42C2-847C-B44D96AB2691 for plug-in at path '~/Library/Application Support/Developer/Shared/Xcode/Plug-ins/OMColorSense.xcplugin' not present in DVTPlugInCompatibilityUUIDs]
  ignore line: [2017-12-05 18:48:52.728 xcodebuild[64559:11460486] [MT] PluginLoading: Required plug-in compatibility UUID C3998872-68CC-42C2-847C-B44D96AB2691 for plug-in at path '~/Library/Application Support/Developer/Shared/Xcode/Plug-ins/Multiplex.xcplugin' not present in DVTPlugInCompatibilityUUIDs]
  ignore line: [2017-12-05 18:48:52.729 xcodebuild[64559:11460486] [MT] PluginLoading: Required plug-in compatibility UUID C3998872-68CC-42C2-847C-B44D96AB2691 for plug-in at path '~/Library/Application Support/Developer/Shared/Xcode/Plug-ins/FixCode.xcplugin' not present in DVTPlugInCompatibilityUUIDs]
  ignore line: [2017-12-05 18:48:52.729 xcodebuild[64559:11460486] [MT] PluginLoading: Required plug-in compatibility UUID C3998872-68CC-42C2-847C-B44D96AB2691 for plug-in at path '~/Library/Application Support/Developer/Shared/Xcode/Plug-ins/BBUUtilitiesTuckAway.xcplugin' not present in DVTPlugInCompatibilityUUIDs]
  ignore line: [2017-12-05 18:48:52.729 xcodebuild[64559:11460486] [MT] PluginLoading: Required plug-in compatibility UUID C3998872-68CC-42C2-847C-B44D96AB2691 for plug-in at path '~/Library/Application Support/Developer/Shared/Xcode/Plug-ins/BBUDebuggerTuckAway.xcplugin' not present in DVTPlugInCompatibilityUUIDs]
  ignore line: [2017-12-05 18:48:52.729 xcodebuild[64559:11460486] [MT] PluginLoading: Required plug-in compatibility UUID C3998872-68CC-42C2-847C-B44D96AB2691 for plug-in at path '~/Library/Application Support/Developer/Shared/Xcode/Plug-ins/Alcatraz.xcplugin' not present in DVTPlugInCompatibilityUUIDs]
  ignore line: [2017-12-05 18:48:52.730 xcodebuild[64559:11460486] [MT] PluginLoading: Required plug-in compatibility UUID C3998872-68CC-42C2-847C-B44D96AB2691 for plug-in at path '~/Library/Application Support/Developer/Shared/Xcode/Plug-ins/AdjustFontSize.xcplugin' not present in DVTPlugInCompatibilityUUIDs]
  ignore line: [=== BUILD TARGET cmTC_3e4d9 OF PROJECT CMAKE_TRY_COMPILE WITH CONFIGURATION Debug ===]
  ignore line: []
  ignore line: [Check dependencies]
  ignore line: []
  ignore line: [Write auxiliary files]
  ignore line: [/bin/mkdir -p /Users/janverrept/Documents/Development/Projects/Personal/Xcode/MacSunnySender/Frameworks/YASDI/build-xcode/CMakeFiles/CMakeTmp/CMAKE_TRY_COMPILE.build/Debug/cmTC_3e4d9.build/Objects-normal/x86_64]
  ignore line: [write-file /Users/janverrept/Documents/Development/Projects/Personal/Xcode/MacSunnySender/Frameworks/YASDI/build-xcode/CMakeFiles/CMakeTmp/CMAKE_TRY_COMPILE.build/Debug/cmTC_3e4d9.build/Objects-normal/x86_64/cmTC_3e4d9.LinkFileList]
  ignore line: []
  ignore line: [CompileC CMAKE_TRY_COMPILE.build/Debug/cmTC_3e4d9.build/Objects-normal/x86_64/CMakeCCompilerABI.o /usr/local/Cellar/cmake/3.10.0/share/cmake/Modules/CMakeCCompilerABI.c normal x86_64 c com.apple.compilers.llvm.clang.1_0.compiler]
  ignore line: [    cd /Users/janverrept/Documents/Development/Projects/Personal/Xcode/MacSunnySender/Frameworks/YASDI/build-xcode/CMakeFiles/CMakeTmp]
  ignore line: [    export LANG=en_US.US-ASCII]
  ignore line: [    /Applications/Xcode.app/Contents/Developer/Toolchains/XcodeDefault.xctoolchain/usr/bin/clang -x c -arch x86_64 -fmessage-length=0 -fdiagnostics-show-note-include-stack -fmacro-backtrace-limit=0 -Wno-trigraphs -fpascal-strings -O0 -Wno-missing-field-initializers -Wno-missing-prototypes -Wno-return-type -Wno-missing-braces -Wparentheses -Wswitch -Wno-unused-function -Wno-unused-label -Wno-unused-parameter -Wno-unused-variable -Wunused-value -Wno-empty-body -Wno-uninitialized -Wno-unknown-pragmas -Wno-shadow -Wno-four-char-constants -Wno-conversion -Wno-constant-conversion -Wno-int-conversion -Wno-bool-conversion -Wno-enum-conversion -Wno-float-conversion -Wno-non-literal-null-conversion -Wno-objc-literal-conversion -Wno-shorten-64-to-32 -Wpointer-sign -Wno-newline-eof -DCMAKE_INTDIR=\"Debug\" -isysroot /Applications/Xcode.app/Contents/Developer/Platforms/MacOSX.platform/Developer/SDKs/MacOSX10.13.sdk -fasm-blocks -fstrict-aliasing -Wdeprecated-declarations -mmacosx-version-min=10.13 -g -Wno-sign-conversion -Wno-infinite-recursion -Wno-comma -Wno-block-capture-autoreleasing -Wno-strict-prototypes -I/Users/janverrept/Documents/Development/Projects/Personal/Xcode/MacSunnySender/Frameworks/YASDI/build-xcode/CMakeFiles/CMakeTmp/Debug/include -I/Users/janverrept/Documents/Development/Projects/Personal/Xcode/MacSunnySender/Frameworks/YASDI/build-xcode/CMakeFiles/CMakeTmp/CMAKE_TRY_COMPILE.build/Debug/cmTC_3e4d9.build/DerivedSources/x86_64 -I/Users/janverrept/Documents/Development/Projects/Personal/Xcode/MacSunnySender/Frameworks/YASDI/build-xcode/CMakeFiles/CMakeTmp/CMAKE_TRY_COMPILE.build/Debug/cmTC_3e4d9.build/DerivedSources -Wmost -Wno-four-char-constants -Wno-unknown-pragmas -F/Users/janverrept/Documents/Development/Projects/Personal/Xcode/MacSunnySender/Frameworks/YASDI/build-xcode/CMakeFiles/CMakeTmp/Debug -MMD -MT dependencies -MF /Users/janverrept/Documents/Development/Projects/Personal/Xcode/MacSunnySender/Frameworks/YASDI/build-xcode/CMakeFiles/CMakeTmp/CMAKE_TRY_COMPILE.build/Debug/cmTC_3e4d9.build/Objects-normal/x86_64/CMakeCCompilerABI.d --serialize-diagnostics /Users/janverrept/Documents/Development/Projects/Personal/Xcode/MacSunnySender/Frameworks/YASDI/build-xcode/CMakeFiles/CMakeTmp/CMAKE_TRY_COMPILE.build/Debug/cmTC_3e4d9.build/Objects-normal/x86_64/CMakeCCompilerABI.dia -c /usr/local/Cellar/cmake/3.10.0/share/cmake/Modules/CMakeCCompilerABI.c -o /Users/janverrept/Documents/Development/Projects/Personal/Xcode/MacSunnySender/Frameworks/YASDI/build-xcode/CMakeFiles/CMakeTmp/CMAKE_TRY_COMPILE.build/Debug/cmTC_3e4d9.build/Objects-normal/x86_64/CMakeCCompilerABI.o]
  ignore line: []
  ignore line: [Ld Debug/cmTC_3e4d9 normal x86_64]
  ignore line: [    cd /Users/janverrept/Documents/Development/Projects/Personal/Xcode/MacSunnySender/Frameworks/YASDI/build-xcode/CMakeFiles/CMakeTmp]
  ignore line: [    export MACOSX_DEPLOYMENT_TARGET=10.13]
  ignore line: [    /Applications/Xcode.app/Contents/Developer/Toolchains/XcodeDefault.xctoolchain/usr/bin/clang -arch x86_64 -isysroot /Applications/Xcode.app/Contents/Developer/Platforms/MacOSX.platform/Developer/SDKs/MacOSX10.13.sdk -L/Users/janverrept/Documents/Development/Projects/Personal/Xcode/MacSunnySender/Frameworks/YASDI/build-xcode/CMakeFiles/CMakeTmp/Debug -F/Users/janverrept/Documents/Development/Projects/Personal/Xcode/MacSunnySender/Frameworks/YASDI/build-xcode/CMakeFiles/CMakeTmp/Debug -filelist /Users/janverrept/Documents/Development/Projects/Personal/Xcode/MacSunnySender/Frameworks/YASDI/build-xcode/CMakeFiles/CMakeTmp/CMAKE_TRY_COMPILE.build/Debug/cmTC_3e4d9.build/Objects-normal/x86_64/cmTC_3e4d9.LinkFileList -mmacosx-version-min=10.13 -Xlinker -object_path_lto -Xlinker /Users/janverrept/Documents/Development/Projects/Personal/Xcode/MacSunnySender/Frameworks/YASDI/build-xcode/CMakeFiles/CMakeTmp/CMAKE_TRY_COMPILE.build/Debug/cmTC_3e4d9.build/Objects-normal/x86_64/cmTC_3e4d9_lto.o -Xlinker -no_deduplicate -v -Wl,-v -Wl,-search_paths_first -Wl,-headerpad_max_install_names -Xlinker -dependency_info -Xlinker /Users/janverrept/Documents/Development/Projects/Personal/Xcode/MacSunnySender/Frameworks/YASDI/build-xcode/CMakeFiles/CMakeTmp/CMAKE_TRY_COMPILE.build/Debug/cmTC_3e4d9.build/Objects-normal/x86_64/cmTC_3e4d9_dependency_info.dat -o /Users/janverrept/Documents/Development/Projects/Personal/Xcode/MacSunnySender/Frameworks/YASDI/build-xcode/CMakeFiles/CMakeTmp/Debug/cmTC_3e4d9]
  ignore line: [Apple LLVM version 9.0.0 (clang-900.0.38)]
  ignore line: [Target: x86_64-apple-darwin17.2.0]
  ignore line: [Thread model: posix]
  ignore line: [InstalledDir: /Applications/Xcode.app/Contents/Developer/Toolchains/XcodeDefault.xctoolchain/usr/bin]
  reduced line: [ "/Applications/Xcode.app/Contents/Developer/Toolchains/XcodeDefault.xctoolchain/usr/bin/ld" -demangle -lto_library /Applications/Xcode.app/Contents/Developer/Toolchains/XcodeDefault.xctoolchain/usr/lib/libLTO.dylib -dynamic -arch x86_64 -macosx_version_min 10.13.0 -syslibroot /Applications/Xcode.app/Contents/Developer/Platforms/MacOSX.platform/Developer/SDKs/MacOSX10.13.sdk -o /Users/janverrept/Documents/Development/Projects/Personal/Xcode/MacSunnySender/Frameworks/YASDI/build-xcode/CMakeFiles/CMakeTmp/Debug/cmTC_3e4d9 -L/Users/janverrept/Documents/Development/Projects/Personal/Xcode/MacSunnySender/Frameworks/YASDI/build-xcode/CMakeFiles/CMakeTmp/Debug -filelist /Users/janverrept/Documents/Development/Projects/Personal/Xcode/MacSunnySender/Frameworks/YASDI/build-xcode/CMakeFiles/CMakeTmp/CMAKE_TRY_COMPILE.build/Debug/cmTC_3e4d9.build/Objects-normal/x86_64/cmTC_3e4d9.LinkFileList -object_path_lto /Users/janverrept/Documents/Development/Projects/Personal/Xcode/MacSunnySender/Frameworks/YASDI/build-xcode/CMakeFiles/CMakeTmp/CMAKE_TRY_COMPILE.build/Debug/cmTC_3e4d9.build/Objects-normal/x86_64/cmTC_3e4d9_lto.o -no_deduplicate -v -search_paths_first -headerpad_max_install_names -dependency_info /Users/janverrept/Documents/Development/Projects/Personal/Xcode/MacSunnySender/Frameworks/YASDI/build-xcode/CMakeFiles/CMakeTmp/CMAKE_TRY_COMPILE.build/Debug/cmTC_3e4d9.build/Objects-normal/x86_64/cmTC_3e4d9_dependency_info.dat -lSystem /Applications/Xcode.app/Contents/Developer/Toolchains/XcodeDefault.xctoolchain/usr/lib/clang/9.0.0/lib/darwin/libclang_rt.osx.a -F/Users/janverrept/Documents/Development/Projects/Personal/Xcode/MacSunnySender/Frameworks/YASDI/build-xcode/CMakeFiles/CMakeTmp/Debug]
            to: [ "/Applications/Xcode.app/Contents/Developer/Toolchains/XcodeDefault.xctoolchain/usr/bin/ld" -demangle -lto_library /Applications/Xcode.app/Contents/Developer/Toolchains/XcodeDefault.xctoolchain/usr/lib/libLTO.dylib -dynamic -arch x86_64 -macosx_version_min 10.13.0 -syslibroot /Applications/Xcode.app/Contents/Developer/Platforms/MacOSX.platform/Developer/SDKs/MacOSX10.13.sdk -o /Users/janverrept/Documents/Development/Projects/Personal/Xcode/MacSunnySender/Frameworks/YASDI/build-xcode/CMakeFiles/CMakeTmp/Debug/cmTC_3e4d9 -filelist /Users/janverrept/Documents/Development/Projects/Personal/Xcode/MacSunnySender/Frameworks/YASDI/build-xcode/CMakeFiles/CMakeTmp/CMAKE_TRY_COMPILE.build/Debug/cmTC_3e4d9.build/Objects-normal/x86_64/cmTC_3e4d9.LinkFileList -object_path_lto /Users/janverrept/Documents/Development/Projects/Personal/Xcode/MacSunnySender/Frameworks/YASDI/build-xcode/CMakeFiles/CMakeTmp/CMAKE_TRY_COMPILE.build/Debug/cmTC_3e4d9.build/Objects-normal/x86_64/cmTC_3e4d9_lto.o -no_deduplicate -v -search_paths_first -headerpad_max_install_names -dependency_info /Users/janverrept/Documents/Development/Projects/Personal/Xcode/MacSunnySender/Frameworks/YASDI/build-xcode/CMakeFiles/CMakeTmp/CMAKE_TRY_COMPILE.build/Debug/cmTC_3e4d9.build/Objects-normal/x86_64/cmTC_3e4d9_dependency_info.dat -lSystem /Applications/Xcode.app/Contents/Developer/Toolchains/XcodeDefault.xctoolchain/usr/lib/clang/9.0.0/lib/darwin/libclang_rt.osx.a ]
  link line: [ "/Applications/Xcode.app/Contents/Developer/Toolchains/XcodeDefault.xctoolchain/usr/bin/ld" -demangle -lto_library /Applications/Xcode.app/Contents/Developer/Toolchains/XcodeDefault.xctoolchain/usr/lib/libLTO.dylib -dynamic -arch x86_64 -macosx_version_min 10.13.0 -syslibroot /Applications/Xcode.app/Contents/Developer/Platforms/MacOSX.platform/Developer/SDKs/MacOSX10.13.sdk -o /Users/janverrept/Documents/Development/Projects/Personal/Xcode/MacSunnySender/Frameworks/YASDI/build-xcode/CMakeFiles/CMakeTmp/Debug/cmTC_3e4d9 -filelist /Users/janverrept/Documents/Development/Projects/Personal/Xcode/MacSunnySender/Frameworks/YASDI/build-xcode/CMakeFiles/CMakeTmp/CMAKE_TRY_COMPILE.build/Debug/cmTC_3e4d9.build/Objects-normal/x86_64/cmTC_3e4d9.LinkFileList -object_path_lto /Users/janverrept/Documents/Development/Projects/Personal/Xcode/MacSunnySender/Frameworks/YASDI/build-xcode/CMakeFiles/CMakeTmp/CMAKE_TRY_COMPILE.build/Debug/cmTC_3e4d9.build/Objects-normal/x86_64/cmTC_3e4d9_lto.o -no_deduplicate -v -search_paths_first -headerpad_max_install_names -dependency_info /Users/janverrept/Documents/Development/Projects/Personal/Xcode/MacSunnySender/Frameworks/YASDI/build-xcode/CMakeFiles/CMakeTmp/CMAKE_TRY_COMPILE.build/Debug/cmTC_3e4d9.build/Objects-normal/x86_64/cmTC_3e4d9_dependency_info.dat -lSystem /Applications/Xcode.app/Contents/Developer/Toolchains/XcodeDefault.xctoolchain/usr/lib/clang/9.0.0/lib/darwin/libclang_rt.osx.a ]
    arg [/Applications/Xcode.app/Contents/Developer/Toolchains/XcodeDefault.xctoolchain/usr/bin/ld] ==> ignore
    arg [-demangle] ==> ignore
    arg [-lto_library] ==> ignore, skip following value
    arg [/Applications/Xcode.app/Contents/Developer/Toolchains/XcodeDefault.xctoolchain/usr/lib/libLTO.dylib] ==> skip value of -lto_library
    arg [-dynamic] ==> ignore
    arg [-arch] ==> ignore
    arg [x86_64] ==> ignore
    arg [-macosx_version_min] ==> ignore
    arg [10.13.0] ==> ignore
    arg [-syslibroot] ==> ignore
    arg [/Applications/Xcode.app/Contents/Developer/Platforms/MacOSX.platform/Developer/SDKs/MacOSX10.13.sdk] ==> ignore
    arg [-o] ==> ignore
    arg [/Users/janverrept/Documents/Development/Projects/Personal/Xcode/MacSunnySender/Frameworks/YASDI/build-xcode/CMakeFiles/CMakeTmp/Debug/cmTC_3e4d9] ==> ignore
    arg [-filelist] ==> ignore
    arg [/Users/janverrept/Documents/Development/Projects/Personal/Xcode/MacSunnySender/Frameworks/YASDI/build-xcode/CMakeFiles/CMakeTmp/CMAKE_TRY_COMPILE.build/Debug/cmTC_3e4d9.build/Objects-normal/x86_64/cmTC_3e4d9.LinkFileList] ==> ignore
    arg [-object_path_lto] ==> ignore
    arg [/Users/janverrept/Documents/Development/Projects/Personal/Xcode/MacSunnySender/Frameworks/YASDI/build-xcode/CMakeFiles/CMakeTmp/CMAKE_TRY_COMPILE.build/Debug/cmTC_3e4d9.build/Objects-normal/x86_64/cmTC_3e4d9_lto.o] ==> ignore
    arg [-no_deduplicate] ==> ignore
    arg [-v] ==> ignore
    arg [-search_paths_first] ==> ignore
    arg [-headerpad_max_install_names] ==> ignore
    arg [-dependency_info] ==> ignore
    arg [/Users/janverrept/Documents/Development/Projects/Personal/Xcode/MacSunnySender/Frameworks/YASDI/build-xcode/CMakeFiles/CMakeTmp/CMAKE_TRY_COMPILE.build/Debug/cmTC_3e4d9.build/Objects-normal/x86_64/cmTC_3e4d9_dependency_info.dat] ==> ignore
    arg [-lSystem] ==> lib [System]
    arg [/Applications/Xcode.app/Contents/Developer/Toolchains/XcodeDefault.xctoolchain/usr/lib/clang/9.0.0/lib/darwin/libclang_rt.osx.a] ==> lib [/Applications/Xcode.app/Contents/Developer/Toolchains/XcodeDefault.xctoolchain/usr/lib/clang/9.0.0/lib/darwin/libclang_rt.osx.a]
  Library search paths: [;/Users/janverrept/Documents/Development/Projects/Personal/Xcode/MacSunnySender/Frameworks/YASDI/build-xcode/CMakeFiles/CMakeTmp/Debug;/Applications/Xcode.app/Contents/Developer/Platforms/MacOSX.platform/Developer/SDKs/MacOSX10.13.sdk/usr/lib]
  Framework search paths: [;/Users/janverrept/Documents/Development/Projects/Personal/Xcode/MacSunnySender/Frameworks/YASDI/build-xcode/CMakeFiles/CMakeTmp/Debug;/Applications/Xcode.app/Contents/Developer/Platforms/MacOSX.platform/Developer/SDKs/MacOSX10.13.sdk/System/Library/Frameworks/]
  remove lib [System]
  remove lib [/Applications/Xcode.app/Contents/Developer/Toolchains/XcodeDefault.xctoolchain/usr/lib/clang/9.0.0/lib/darwin/libclang_rt.osx.a]
  collapse library dir [/Users/janverrept/Documents/Development/Projects/Personal/Xcode/MacSunnySender/Frameworks/YASDI/build-xcode/CMakeFiles/CMakeTmp/Debug] ==> [/Users/janverrept/Documents/Development/Projects/Personal/Xcode/MacSunnySender/Frameworks/YASDI/build-xcode/CMakeFiles/CMakeTmp/Debug], skipping non-system directory
  collapse library dir [/Applications/Xcode.app/Contents/Developer/Platforms/MacOSX.platform/Developer/SDKs/MacOSX10.13.sdk/usr/lib] ==> [/Applications/Xcode.app/Contents/Developer/Platforms/MacOSX.platform/Developer/SDKs/MacOSX10.13.sdk/usr/lib]
  collapse framework dir [/Users/janverrept/Documents/Development/Projects/Personal/Xcode/MacSunnySender/Frameworks/YASDI/build-xcode/CMakeFiles/CMakeTmp/Debug] ==> [/Users/janverrept/Documents/Development/Projects/Personal/Xcode/MacSunnySender/Frameworks/YASDI/build-xcode/CMakeFiles/CMakeTmp/Debug], skipping non-system directory
  collapse framework dir [/Applications/Xcode.app/Contents/Developer/Platforms/MacOSX.platform/Developer/SDKs/MacOSX10.13.sdk/System/Library/Frameworks/] ==> [/Applications/Xcode.app/Contents/Developer/Platforms/MacOSX.platform/Developer/SDKs/MacOSX10.13.sdk/System/Library/Frameworks]
  implicit libs: []
  implicit dirs: [/Applications/Xcode.app/Contents/Developer/Platforms/MacOSX.platform/Developer/SDKs/MacOSX10.13.sdk/usr/lib]
  implicit fwks: [/Applications/Xcode.app/Contents/Developer/Platforms/MacOSX.platform/Developer/SDKs/MacOSX10.13.sdk/System/Library/Frameworks]




Detecting C [-std=c11] compiler features compiled with the following output:
Change Dir: /Users/janverrept/Documents/Development/Projects/Personal/Xcode/MacSunnySender/Frameworks/YASDI/build-xcode/CMakeFiles/CMakeTmp

Run Build Command:"/usr/bin/xcodebuild" "-project" "CMAKE_TRY_COMPILE.xcodeproj" "build" "-target" "cmTC_80587" "-configuration" "Debug"
2017-12-05 18:48:53.664 xcodebuild[64575:11460553] [MT] PluginLoading: Required plug-in compatibility UUID C3998872-68CC-42C2-847C-B44D96AB2691 for plug-in at path '~/Library/Application Support/Developer/Shared/Xcode/Plug-ins/XToDo.xcplugin' not present in DVTPlugInCompatibilityUUIDs
2017-12-05 18:48:53.664 xcodebuild[64575:11460553] [MT] PluginLoading: Required plug-in compatibility UUID C3998872-68CC-42C2-847C-B44D96AB2691 for plug-in at path '~/Library/Application Support/Developer/Shared/Xcode/Plug-ins/XcodeColors.xcplugin' not present in DVTPlugInCompatibilityUUIDs
2017-12-05 18:48:53.664 xcodebuild[64575:11460553] [MT] PluginLoading: Required plug-in compatibility UUID C3998872-68CC-42C2-847C-B44D96AB2691 for plug-in at path '~/Library/Application Support/Developer/Shared/Xcode/Plug-ins/XBookmark.xcplugin' not present in DVTPlugInCompatibilityUUIDs
2017-12-05 18:48:53.665 xcodebuild[64575:11460553] [MT] PluginLoading: Required plug-in compatibility UUID C3998872-68CC-42C2-847C-B44D96AB2691 for plug-in at path '~/Library/Application Support/Developer/Shared/Xcode/Plug-ins/OMColorSense.xcplugin' not present in DVTPlugInCompatibilityUUIDs
2017-12-05 18:48:53.665 xcodebuild[64575:11460553] [MT] PluginLoading: Required plug-in compatibility UUID C3998872-68CC-42C2-847C-B44D96AB2691 for plug-in at path '~/Library/Application Support/Developer/Shared/Xcode/Plug-ins/Multiplex.xcplugin' not present in DVTPlugInCompatibilityUUIDs
2017-12-05 18:48:53.665 xcodebuild[64575:11460553] [MT] PluginLoading: Required plug-in compatibility UUID C3998872-68CC-42C2-847C-B44D96AB2691 for plug-in at path '~/Library/Application Support/Developer/Shared/Xcode/Plug-ins/FixCode.xcplugin' not present in DVTPlugInCompatibilityUUIDs
2017-12-05 18:48:53.665 xcodebuild[64575:11460553] [MT] PluginLoading: Required plug-in compatibility UUID C3998872-68CC-42C2-847C-B44D96AB2691 for plug-in at path '~/Library/Application Support/Developer/Shared/Xcode/Plug-ins/BBUUtilitiesTuckAway.xcplugin' not present in DVTPlugInCompatibilityUUIDs
2017-12-05 18:48:53.666 xcodebuild[64575:11460553] [MT] PluginLoading: Required plug-in compatibility UUID C3998872-68CC-42C2-847C-B44D96AB2691 for plug-in at path '~/Library/Application Support/Developer/Shared/Xcode/Plug-ins/BBUDebuggerTuckAway.xcplugin' not present in DVTPlugInCompatibilityUUIDs
2017-12-05 18:48:53.666 xcodebuild[64575:11460553] [MT] PluginLoading: Required plug-in compatibility UUID C3998872-68CC-42C2-847C-B44D96AB2691 for plug-in at path '~/Library/Application Support/Developer/Shared/Xcode/Plug-ins/Alcatraz.xcplugin' not present in DVTPlugInCompatibilityUUIDs
2017-12-05 18:48:53.666 xcodebuild[64575:11460553] [MT] PluginLoading: Required plug-in compatibility UUID C3998872-68CC-42C2-847C-B44D96AB2691 for plug-in at path '~/Library/Application Support/Developer/Shared/Xcode/Plug-ins/AdjustFontSize.xcplugin' not present in DVTPlugInCompatibilityUUIDs
=== BUILD TARGET cmTC_80587 OF PROJECT CMAKE_TRY_COMPILE WITH CONFIGURATION Debug ===

Check dependencies

Write auxiliary files
/bin/mkdir -p /Users/janverrept/Documents/Development/Projects/Personal/Xcode/MacSunnySender/Frameworks/YASDI/build-xcode/CMakeFiles/CMakeTmp/CMAKE_TRY_COMPILE.build/Debug/cmTC_80587.build/Objects-normal/x86_64
write-file /Users/janverrept/Documents/Development/Projects/Personal/Xcode/MacSunnySender/Frameworks/YASDI/build-xcode/CMakeFiles/CMakeTmp/CMAKE_TRY_COMPILE.build/Debug/cmTC_80587.build/Objects-normal/x86_64/cmTC_80587.LinkFileList

CompileC CMAKE_TRY_COMPILE.build/Debug/cmTC_80587.build/Objects-normal/x86_64/feature_tests.o /Users/janverrept/Documents/Development/Projects/Personal/Xcode/MacSunnySender/Frameworks/YASDI/build-xcode/CMakeFiles/feature_tests.c normal x86_64 c com.apple.compilers.llvm.clang.1_0.compiler
    cd /Users/janverrept/Documents/Development/Projects/Personal/Xcode/MacSunnySender/Frameworks/YASDI/build-xcode/CMakeFiles/CMakeTmp
    export LANG=en_US.US-ASCII
    /Applications/Xcode.app/Contents/Developer/Toolchains/XcodeDefault.xctoolchain/usr/bin/clang -x c -arch x86_64 -fmessage-length=0 -fdiagnostics-show-note-include-stack -fmacro-backtrace-limit=0 -Wno-trigraphs -fpascal-strings -O0 -Wno-missing-field-initializers -Wno-missing-prototypes -Wno-return-type -Wno-missing-braces -Wparentheses -Wswitch -Wno-unused-function -Wno-unused-label -Wno-unused-parameter -Wno-unused-variable -Wunused-value -Wno-empty-body -Wno-uninitialized -Wno-unknown-pragmas -Wno-shadow -Wno-four-char-constants -Wno-conversion -Wno-constant-conversion -Wno-int-conversion -Wno-bool-conversion -Wno-enum-conversion -Wno-float-conversion -Wno-non-literal-null-conversion -Wno-objc-literal-conversion -Wno-shorten-64-to-32 -Wpointer-sign -Wno-newline-eof -DCMAKE_INTDIR=\"Debug\" -isysroot /Applications/Xcode.app/Contents/Developer/Platforms/MacOSX.platform/Developer/SDKs/MacOSX10.13.sdk -fasm-blocks -fstrict-aliasing -Wdeprecated-declarations -mmacosx-version-min=10.13 -g -Wno-sign-conversion -Wno-infinite-recursion -Wno-comma -Wno-block-capture-autoreleasing -Wno-strict-prototypes -I/Users/janverrept/Documents/Development/Projects/Personal/Xcode/MacSunnySender/Frameworks/YASDI/build-xcode/CMakeFiles/CMakeTmp/Debug/include -I/Users/janverrept/Documents/Development/Projects/Personal/Xcode/MacSunnySender/Frameworks/YASDI/build-xcode/CMakeFiles/CMakeTmp/CMAKE_TRY_COMPILE.build/Debug/cmTC_80587.build/DerivedSources/x86_64 -I/Users/janverrept/Documents/Development/Projects/Personal/Xcode/MacSunnySender/Frameworks/YASDI/build-xcode/CMakeFiles/CMakeTmp/CMAKE_TRY_COMPILE.build/Debug/cmTC_80587.build/DerivedSources -Wmost -Wno-four-char-constants -Wno-unknown-pragmas -F/Users/janverrept/Documents/Development/Projects/Personal/Xcode/MacSunnySender/Frameworks/YASDI/build-xcode/CMakeFiles/CMakeTmp/Debug -std=c11 -MMD -MT dependencies -MF /Users/janverrept/Documents/Development/Projects/Personal/Xcode/MacSunnySender/Frameworks/YASDI/build-xcode/CMakeFiles/CMakeTmp/CMAKE_TRY_COMPILE.build/Debug/cmTC_80587.build/Objects-normal/x86_64/feature_tests.d --serialize-diagnostics /Users/janverrept/Documents/Development/Projects/Personal/Xcode/MacSunnySender/Frameworks/YASDI/build-xcode/CMakeFiles/CMakeTmp/CMAKE_TRY_COMPILE.build/Debug/cmTC_80587.build/Objects-normal/x86_64/feature_tests.dia -c /Users/janverrept/Documents/Development/Projects/Personal/Xcode/MacSunnySender/Frameworks/YASDI/build-xcode/CMakeFiles/feature_tests.c -o /Users/janverrept/Documents/Development/Projects/Personal/Xcode/MacSunnySender/Frameworks/YASDI/build-xcode/CMakeFiles/CMakeTmp/CMAKE_TRY_COMPILE.build/Debug/cmTC_80587.build/Objects-normal/x86_64/feature_tests.o

Ld Debug/cmTC_80587 normal x86_64
    cd /Users/janverrept/Documents/Development/Projects/Personal/Xcode/MacSunnySender/Frameworks/YASDI/build-xcode/CMakeFiles/CMakeTmp
    export MACOSX_DEPLOYMENT_TARGET=10.13
    /Applications/Xcode.app/Contents/Developer/Toolchains/XcodeDefault.xctoolchain/usr/bin/clang -arch x86_64 -isysroot /Applications/Xcode.app/Contents/Developer/Platforms/MacOSX.platform/Developer/SDKs/MacOSX10.13.sdk -L/Users/janverrept/Documents/Development/Projects/Personal/Xcode/MacSunnySender/Frameworks/YASDI/build-xcode/CMakeFiles/CMakeTmp/Debug -F/Users/janverrept/Documents/Development/Projects/Personal/Xcode/MacSunnySender/Frameworks/YASDI/build-xcode/CMakeFiles/CMakeTmp/Debug -filelist /Users/janverrept/Documents/Development/Projects/Personal/Xcode/MacSunnySender/Frameworks/YASDI/build-xcode/CMakeFiles/CMakeTmp/CMAKE_TRY_COMPILE.build/Debug/cmTC_80587.build/Objects-normal/x86_64/cmTC_80587.LinkFileList -mmacosx-version-min=10.13 -Xlinker -object_path_lto -Xlinker /Users/janverrept/Documents/Development/Projects/Personal/Xcode/MacSunnySender/Frameworks/YASDI/build-xcode/CMakeFiles/CMakeTmp/CMAKE_TRY_COMPILE.build/Debug/cmTC_80587.build/Objects-normal/x86_64/cmTC_80587_lto.o -Xlinker -no_deduplicate -Wl,-search_paths_first -Wl,-headerpad_max_install_names -Xlinker -dependency_info -Xlinker /Users/janverrept/Documents/Development/Projects/Personal/Xcode/MacSunnySender/Frameworks/YASDI/build-xcode/CMakeFiles/CMakeTmp/CMAKE_TRY_COMPILE.build/Debug/cmTC_80587.build/Objects-normal/x86_64/cmTC_80587_dependency_info.dat -o /Users/janverrept/Documents/Development/Projects/Personal/Xcode/MacSunnySender/Frameworks/YASDI/build-xcode/CMakeFiles/CMakeTmp/Debug/cmTC_80587

** BUILD SUCCEEDED **



    Feature record: C_FEATURE:1c_function_prototypes
    Feature record: C_FEATURE:1c_restrict
    Feature record: C_FEATURE:1c_static_assert
    Feature record: C_FEATURE:1c_variadic_macros


Detecting C [-std=c99] compiler features compiled with the following output:
Change Dir: /Users/janverrept/Documents/Development/Projects/Personal/Xcode/MacSunnySender/Frameworks/YASDI/build-xcode/CMakeFiles/CMakeTmp

Run Build Command:"/usr/bin/xcodebuild" "-project" "CMAKE_TRY_COMPILE.xcodeproj" "build" "-target" "cmTC_8862b" "-configuration" "Debug"
2017-12-05 18:48:54.552 xcodebuild[64590:11460614] [MT] PluginLoading: Required plug-in compatibility UUID C3998872-68CC-42C2-847C-B44D96AB2691 for plug-in at path '~/Library/Application Support/Developer/Shared/Xcode/Plug-ins/XToDo.xcplugin' not present in DVTPlugInCompatibilityUUIDs
2017-12-05 18:48:54.553 xcodebuild[64590:11460614] [MT] PluginLoading: Required plug-in compatibility UUID C3998872-68CC-42C2-847C-B44D96AB2691 for plug-in at path '~/Library/Application Support/Developer/Shared/Xcode/Plug-ins/XcodeColors.xcplugin' not present in DVTPlugInCompatibilityUUIDs
2017-12-05 18:48:54.553 xcodebuild[64590:11460614] [MT] PluginLoading: Required plug-in compatibility UUID C3998872-68CC-42C2-847C-B44D96AB2691 for plug-in at path '~/Library/Application Support/Developer/Shared/Xcode/Plug-ins/XBookmark.xcplugin' not present in DVTPlugInCompatibilityUUIDs
2017-12-05 18:48:54.553 xcodebuild[64590:11460614] [MT] PluginLoading: Required plug-in compatibility UUID C3998872-68CC-42C2-847C-B44D96AB2691 for plug-in at path '~/Library/Application Support/Developer/Shared/Xcode/Plug-ins/OMColorSense.xcplugin' not present in DVTPlugInCompatibilityUUIDs
2017-12-05 18:48:54.553 xcodebuild[64590:11460614] [MT] PluginLoading: Required plug-in compatibility UUID C3998872-68CC-42C2-847C-B44D96AB2691 for plug-in at path '~/Library/Application Support/Developer/Shared/Xcode/Plug-ins/Multiplex.xcplugin' not present in DVTPlugInCompatibilityUUIDs
2017-12-05 18:48:54.554 xcodebuild[64590:11460614] [MT] PluginLoading: Required plug-in compatibility UUID C3998872-68CC-42C2-847C-B44D96AB2691 for plug-in at path '~/Library/Application Support/Developer/Shared/Xcode/Plug-ins/FixCode.xcplugin' not present in DVTPlugInCompatibilityUUIDs
2017-12-05 18:48:54.554 xcodebuild[64590:11460614] [MT] PluginLoading: Required plug-in compatibility UUID C3998872-68CC-42C2-847C-B44D96AB2691 for plug-in at path '~/Library/Application Support/Developer/Shared/Xcode/Plug-ins/BBUUtilitiesTuckAway.xcplugin' not present in DVTPlugInCompatibilityUUIDs
2017-12-05 18:48:54.554 xcodebuild[64590:11460614] [MT] PluginLoading: Required plug-in compatibility UUID C3998872-68CC-42C2-847C-B44D96AB2691 for plug-in at path '~/Library/Application Support/Developer/Shared/Xcode/Plug-ins/BBUDebuggerTuckAway.xcplugin' not present in DVTPlugInCompatibilityUUIDs
2017-12-05 18:48:54.555 xcodebuild[64590:11460614] [MT] PluginLoading: Required plug-in compatibility UUID C3998872-68CC-42C2-847C-B44D96AB2691 for plug-in at path '~/Library/Application Support/Developer/Shared/Xcode/Plug-ins/Alcatraz.xcplugin' not present in DVTPlugInCompatibilityUUIDs
2017-12-05 18:48:54.555 xcodebuild[64590:11460614] [MT] PluginLoading: Required plug-in compatibility UUID C3998872-68CC-42C2-847C-B44D96AB2691 for plug-in at path '~/Library/Application Support/Developer/Shared/Xcode/Plug-ins/AdjustFontSize.xcplugin' not present in DVTPlugInCompatibilityUUIDs
=== BUILD TARGET cmTC_8862b OF PROJECT CMAKE_TRY_COMPILE WITH CONFIGURATION Debug ===

Check dependencies

Write auxiliary files
/bin/mkdir -p /Users/janverrept/Documents/Development/Projects/Personal/Xcode/MacSunnySender/Frameworks/YASDI/build-xcode/CMakeFiles/CMakeTmp/CMAKE_TRY_COMPILE.build/Debug/cmTC_8862b.build/Objects-normal/x86_64
write-file /Users/janverrept/Documents/Development/Projects/Personal/Xcode/MacSunnySender/Frameworks/YASDI/build-xcode/CMakeFiles/CMakeTmp/CMAKE_TRY_COMPILE.build/Debug/cmTC_8862b.build/Objects-normal/x86_64/cmTC_8862b.LinkFileList

CompileC CMAKE_TRY_COMPILE.build/Debug/cmTC_8862b.build/Objects-normal/x86_64/feature_tests.o /Users/janverrept/Documents/Development/Projects/Personal/Xcode/MacSunnySender/Frameworks/YASDI/build-xcode/CMakeFiles/feature_tests.c normal x86_64 c com.apple.compilers.llvm.clang.1_0.compiler
    cd /Users/janverrept/Documents/Development/Projects/Personal/Xcode/MacSunnySender/Frameworks/YASDI/build-xcode/CMakeFiles/CMakeTmp
    export LANG=en_US.US-ASCII
    /Applications/Xcode.app/Contents/Developer/Toolchains/XcodeDefault.xctoolchain/usr/bin/clang -x c -arch x86_64 -fmessage-length=0 -fdiagnostics-show-note-include-stack -fmacro-backtrace-limit=0 -Wno-trigraphs -fpascal-strings -O0 -Wno-missing-field-initializers -Wno-missing-prototypes -Wno-return-type -Wno-missing-braces -Wparentheses -Wswitch -Wno-unused-function -Wno-unused-label -Wno-unused-parameter -Wno-unused-variable -Wunused-value -Wno-empty-body -Wno-uninitialized -Wno-unknown-pragmas -Wno-shadow -Wno-four-char-constants -Wno-conversion -Wno-constant-conversion -Wno-int-conversion -Wno-bool-conversion -Wno-enum-conversion -Wno-float-conversion -Wno-non-literal-null-conversion -Wno-objc-literal-conversion -Wno-shorten-64-to-32 -Wpointer-sign -Wno-newline-eof -DCMAKE_INTDIR=\"Debug\" -isysroot /Applications/Xcode.app/Contents/Developer/Platforms/MacOSX.platform/Developer/SDKs/MacOSX10.13.sdk -fasm-blocks -fstrict-aliasing -Wdeprecated-declarations -mmacosx-version-min=10.13 -g -Wno-sign-conversion -Wno-infinite-recursion -Wno-comma -Wno-block-capture-autoreleasing -Wno-strict-prototypes -I/Users/janverrept/Documents/Development/Projects/Personal/Xcode/MacSunnySender/Frameworks/YASDI/build-xcode/CMakeFiles/CMakeTmp/Debug/include -I/Users/janverrept/Documents/Development/Projects/Personal/Xcode/MacSunnySender/Frameworks/YASDI/build-xcode/CMakeFiles/CMakeTmp/CMAKE_TRY_COMPILE.build/Debug/cmTC_8862b.build/DerivedSources/x86_64 -I/Users/janverrept/Documents/Development/Projects/Personal/Xcode/MacSunnySender/Frameworks/YASDI/build-xcode/CMakeFiles/CMakeTmp/CMAKE_TRY_COMPILE.build/Debug/cmTC_8862b.build/DerivedSources -Wmost -Wno-four-char-constants -Wno-unknown-pragmas -F/Users/janverrept/Documents/Development/Projects/Personal/Xcode/MacSunnySender/Frameworks/YASDI/build-xcode/CMakeFiles/CMakeTmp/Debug -std=c99 -MMD -MT dependencies -MF /Users/janverrept/Documents/Development/Projects/Personal/Xcode/MacSunnySender/Frameworks/YASDI/build-xcode/CMakeFiles/CMakeTmp/CMAKE_TRY_COMPILE.build/Debug/cmTC_8862b.build/Objects-normal/x86_64/feature_tests.d --serialize-diagnostics /Users/janverrept/Documents/Development/Projects/Personal/Xcode/MacSunnySender/Frameworks/YASDI/build-xcode/CMakeFiles/CMakeTmp/CMAKE_TRY_COMPILE.build/Debug/cmTC_8862b.build/Objects-normal/x86_64/feature_tests.dia -c /Users/janverrept/Documents/Development/Projects/Personal/Xcode/MacSunnySender/Frameworks/YASDI/build-xcode/CMakeFiles/feature_tests.c -o /Users/janverrept/Documents/Development/Projects/Personal/Xcode/MacSunnySender/Frameworks/YASDI/build-xcode/CMakeFiles/CMakeTmp/CMAKE_TRY_COMPILE.build/Debug/cmTC_8862b.build/Objects-normal/x86_64/feature_tests.o

Ld Debug/cmTC_8862b normal x86_64
    cd /Users/janverrept/Documents/Development/Projects/Personal/Xcode/MacSunnySender/Frameworks/YASDI/build-xcode/CMakeFiles/CMakeTmp
    export MACOSX_DEPLOYMENT_TARGET=10.13
    /Applications/Xcode.app/Contents/Developer/Toolchains/XcodeDefault.xctoolchain/usr/bin/clang -arch x86_64 -isysroot /Applications/Xcode.app/Contents/Developer/Platforms/MacOSX.platform/Developer/SDKs/MacOSX10.13.sdk -L/Users/janverrept/Documents/Development/Projects/Personal/Xcode/MacSunnySender/Frameworks/YASDI/build-xcode/CMakeFiles/CMakeTmp/Debug -F/Users/janverrept/Documents/Development/Projects/Personal/Xcode/MacSunnySender/Frameworks/YASDI/build-xcode/CMakeFiles/CMakeTmp/Debug -filelist /Users/janverrept/Documents/Development/Projects/Personal/Xcode/MacSunnySender/Frameworks/YASDI/build-xcode/CMakeFiles/CMakeTmp/CMAKE_TRY_COMPILE.build/Debug/cmTC_8862b.build/Objects-normal/x86_64/cmTC_8862b.LinkFileList -mmacosx-version-min=10.13 -Xlinker -object_path_lto -Xlinker /Users/janverrept/Documents/Development/Projects/Personal/Xcode/MacSunnySender/Frameworks/YASDI/build-xcode/CMakeFiles/CMakeTmp/CMAKE_TRY_COMPILE.build/Debug/cmTC_8862b.build/Objects-normal/x86_64/cmTC_8862b_lto.o -Xlinker -no_deduplicate -Wl,-search_paths_first -Wl,-headerpad_max_install_names -Xlinker -dependency_info -Xlinker /Users/janverrept/Documents/Development/Projects/Personal/Xcode/MacSunnySender/Frameworks/YASDI/build-xcode/CMakeFiles/CMakeTmp/CMAKE_TRY_COMPILE.build/Debug/cmTC_8862b.build/Objects-normal/x86_64/cmTC_8862b_dependency_info.dat -o /Users/janverrept/Documents/Development/Projects/Personal/Xcode/MacSunnySender/Frameworks/YASDI/build-xcode/CMakeFiles/CMakeTmp/Debug/cmTC_8862b

** BUILD SUCCEEDED **



    Feature record: C_FEATURE:1c_function_prototypes
    Feature record: C_FEATURE:1c_restrict
    Feature record: C_FEATURE:0c_static_assert
    Feature record: C_FEATURE:1c_variadic_macros


Detecting C [-std=c90] compiler features compiled with the following output:
Change Dir: /Users/janverrept/Documents/Development/Projects/Personal/Xcode/MacSunnySender/Frameworks/YASDI/build-xcode/CMakeFiles/CMakeTmp

Run Build Command:"/usr/bin/xcodebuild" "-project" "CMAKE_TRY_COMPILE.xcodeproj" "build" "-target" "cmTC_d4a39" "-configuration" "Debug"
2017-12-05 18:48:55.468 xcodebuild[64605:11460680] [MT] PluginLoading: Required plug-in compatibility UUID C3998872-68CC-42C2-847C-B44D96AB2691 for plug-in at path '~/Library/Application Support/Developer/Shared/Xcode/Plug-ins/XToDo.xcplugin' not present in DVTPlugInCompatibilityUUIDs
2017-12-05 18:48:55.468 xcodebuild[64605:11460680] [MT] PluginLoading: Required plug-in compatibility UUID C3998872-68CC-42C2-847C-B44D96AB2691 for plug-in at path '~/Library/Application Support/Developer/Shared/Xcode/Plug-ins/XcodeColors.xcplugin' not present in DVTPlugInCompatibilityUUIDs
2017-12-05 18:48:55.468 xcodebuild[64605:11460680] [MT] PluginLoading: Required plug-in compatibility UUID C3998872-68CC-42C2-847C-B44D96AB2691 for plug-in at path '~/Library/Application Support/Developer/Shared/Xcode/Plug-ins/XBookmark.xcplugin' not present in DVTPlugInCompatibilityUUIDs
2017-12-05 18:48:55.468 xcodebuild[64605:11460680] [MT] PluginLoading: Required plug-in compatibility UUID C3998872-68CC-42C2-847C-B44D96AB2691 for plug-in at path '~/Library/Application Support/Developer/Shared/Xcode/Plug-ins/OMColorSense.xcplugin' not present in DVTPlugInCompatibilityUUIDs
2017-12-05 18:48:55.469 xcodebuild[64605:11460680] [MT] PluginLoading: Required plug-in compatibility UUID C3998872-68CC-42C2-847C-B44D96AB2691 for plug-in at path '~/Library/Application Support/Developer/Shared/Xcode/Plug-ins/Multiplex.xcplugin' not present in DVTPlugInCompatibilityUUIDs
2017-12-05 18:48:55.469 xcodebuild[64605:11460680] [MT] PluginLoading: Required plug-in compatibility UUID C3998872-68CC-42C2-847C-B44D96AB2691 for plug-in at path '~/Library/Application Support/Developer/Shared/Xcode/Plug-ins/FixCode.xcplugin' not present in DVTPlugInCompatibilityUUIDs
2017-12-05 18:48:55.469 xcodebuild[64605:11460680] [MT] PluginLoading: Required plug-in compatibility UUID C3998872-68CC-42C2-847C-B44D96AB2691 for plug-in at path '~/Library/Application Support/Developer/Shared/Xcode/Plug-ins/BBUUtilitiesTuckAway.xcplugin' not present in DVTPlugInCompatibilityUUIDs
2017-12-05 18:48:55.469 xcodebuild[64605:11460680] [MT] PluginLoading: Required plug-in compatibility UUID C3998872-68CC-42C2-847C-B44D96AB2691 for plug-in at path '~/Library/Application Support/Developer/Shared/Xcode/Plug-ins/BBUDebuggerTuckAway.xcplugin' not present in DVTPlugInCompatibilityUUIDs
2017-12-05 18:48:55.470 xcodebuild[64605:11460680] [MT] PluginLoading: Required plug-in compatibility UUID C3998872-68CC-42C2-847C-B44D96AB2691 for plug-in at path '~/Library/Application Support/Developer/Shared/Xcode/Plug-ins/Alcatraz.xcplugin' not present in DVTPlugInCompatibilityUUIDs
2017-12-05 18:48:55.470 xcodebuild[64605:11460680] [MT] PluginLoading: Required plug-in compatibility UUID C3998872-68CC-42C2-847C-B44D96AB2691 for plug-in at path '~/Library/Application Support/Developer/Shared/Xcode/Plug-ins/AdjustFontSize.xcplugin' not present in DVTPlugInCompatibilityUUIDs
=== BUILD TARGET cmTC_d4a39 OF PROJECT CMAKE_TRY_COMPILE WITH CONFIGURATION Debug ===

Check dependencies

Write auxiliary files
/bin/mkdir -p /Users/janverrept/Documents/Development/Projects/Personal/Xcode/MacSunnySender/Frameworks/YASDI/build-xcode/CMakeFiles/CMakeTmp/CMAKE_TRY_COMPILE.build/Debug/cmTC_d4a39.build/Objects-normal/x86_64
write-file /Users/janverrept/Documents/Development/Projects/Personal/Xcode/MacSunnySender/Frameworks/YASDI/build-xcode/CMakeFiles/CMakeTmp/CMAKE_TRY_COMPILE.build/Debug/cmTC_d4a39.build/Objects-normal/x86_64/cmTC_d4a39.LinkFileList

CompileC CMAKE_TRY_COMPILE.build/Debug/cmTC_d4a39.build/Objects-normal/x86_64/feature_tests.o /Users/janverrept/Documents/Development/Projects/Personal/Xcode/MacSunnySender/Frameworks/YASDI/build-xcode/CMakeFiles/feature_tests.c normal x86_64 c com.apple.compilers.llvm.clang.1_0.compiler
    cd /Users/janverrept/Documents/Development/Projects/Personal/Xcode/MacSunnySender/Frameworks/YASDI/build-xcode/CMakeFiles/CMakeTmp
    export LANG=en_US.US-ASCII
    /Applications/Xcode.app/Contents/Developer/Toolchains/XcodeDefault.xctoolchain/usr/bin/clang -x c -arch x86_64 -fmessage-length=0 -fdiagnostics-show-note-include-stack -fmacro-backtrace-limit=0 -Wno-trigraphs -fpascal-strings -O0 -Wno-missing-field-initializers -Wno-missing-prototypes -Wno-return-type -Wno-missing-braces -Wparentheses -Wswitch -Wno-unused-function -Wno-unused-label -Wno-unused-parameter -Wno-unused-variable -Wunused-value -Wno-empty-body -Wno-uninitialized -Wno-unknown-pragmas -Wno-shadow -Wno-four-char-constants -Wno-conversion -Wno-constant-conversion -Wno-int-conversion -Wno-bool-conversion -Wno-enum-conversion -Wno-float-conversion -Wno-non-literal-null-conversion -Wno-objc-literal-conversion -Wno-shorten-64-to-32 -Wpointer-sign -Wno-newline-eof -DCMAKE_INTDIR=\"Debug\" -isysroot /Applications/Xcode.app/Contents/Developer/Platforms/MacOSX.platform/Developer/SDKs/MacOSX10.13.sdk -fasm-blocks -fstrict-aliasing -Wdeprecated-declarations -mmacosx-version-min=10.13 -g -Wno-sign-conversion -Wno-infinite-recursion -Wno-comma -Wno-block-capture-autoreleasing -Wno-strict-prototypes -I/Users/janverrept/Documents/Development/Projects/Personal/Xcode/MacSunnySender/Frameworks/YASDI/build-xcode/CMakeFiles/CMakeTmp/Debug/include -I/Users/janverrept/Documents/Development/Projects/Personal/Xcode/MacSunnySender/Frameworks/YASDI/build-xcode/CMakeFiles/CMakeTmp/CMAKE_TRY_COMPILE.build/Debug/cmTC_d4a39.build/DerivedSources/x86_64 -I/Users/janverrept/Documents/Development/Projects/Personal/Xcode/MacSunnySender/Frameworks/YASDI/build-xcode/CMakeFiles/CMakeTmp/CMAKE_TRY_COMPILE.build/Debug/cmTC_d4a39.build/DerivedSources -Wmost -Wno-four-char-constants -Wno-unknown-pragmas -F/Users/janverrept/Documents/Development/Projects/Personal/Xcode/MacSunnySender/Frameworks/YASDI/build-xcode/CMakeFiles/CMakeTmp/Debug -std=c90 -MMD -MT dependencies -MF /Users/janverrept/Documents/Development/Projects/Personal/Xcode/MacSunnySender/Frameworks/YASDI/build-xcode/CMakeFiles/CMakeTmp/CMAKE_TRY_COMPILE.build/Debug/cmTC_d4a39.build/Objects-normal/x86_64/feature_tests.d --serialize-diagnostics /Users/janverrept/Documents/Development/Projects/Personal/Xcode/MacSunnySender/Frameworks/YASDI/build-xcode/CMakeFiles/CMakeTmp/CMAKE_TRY_COMPILE.build/Debug/cmTC_d4a39.build/Objects-normal/x86_64/feature_tests.dia -c /Users/janverrept/Documents/Development/Projects/Personal/Xcode/MacSunnySender/Frameworks/YASDI/build-xcode/CMakeFiles/feature_tests.c -o /Users/janverrept/Documents/Development/Projects/Personal/Xcode/MacSunnySender/Frameworks/YASDI/build-xcode/CMakeFiles/CMakeTmp/CMAKE_TRY_COMPILE.build/Debug/cmTC_d4a39.build/Objects-normal/x86_64/feature_tests.o

Ld Debug/cmTC_d4a39 normal x86_64
    cd /Users/janverrept/Documents/Development/Projects/Personal/Xcode/MacSunnySender/Frameworks/YASDI/build-xcode/CMakeFiles/CMakeTmp
    export MACOSX_DEPLOYMENT_TARGET=10.13
    /Applications/Xcode.app/Contents/Developer/Toolchains/XcodeDefault.xctoolchain/usr/bin/clang -arch x86_64 -isysroot /Applications/Xcode.app/Contents/Developer/Platforms/MacOSX.platform/Developer/SDKs/MacOSX10.13.sdk -L/Users/janverrept/Documents/Development/Projects/Personal/Xcode/MacSunnySender/Frameworks/YASDI/build-xcode/CMakeFiles/CMakeTmp/Debug -F/Users/janverrept/Documents/Development/Projects/Personal/Xcode/MacSunnySender/Frameworks/YASDI/build-xcode/CMakeFiles/CMakeTmp/Debug -filelist /Users/janverrept/Documents/Development/Projects/Personal/Xcode/MacSunnySender/Frameworks/YASDI/build-xcode/CMakeFiles/CMakeTmp/CMAKE_TRY_COMPILE.build/Debug/cmTC_d4a39.build/Objects-normal/x86_64/cmTC_d4a39.LinkFileList -mmacosx-version-min=10.13 -Xlinker -object_path_lto -Xlinker /Users/janverrept/Documents/Development/Projects/Personal/Xcode/MacSunnySender/Frameworks/YASDI/build-xcode/CMakeFiles/CMakeTmp/CMAKE_TRY_COMPILE.build/Debug/cmTC_d4a39.build/Objects-normal/x86_64/cmTC_d4a39_lto.o -Xlinker -no_deduplicate -Wl,-search_paths_first -Wl,-headerpad_max_install_names -Xlinker -dependency_info -Xlinker /Users/janverrept/Documents/Development/Projects/Personal/Xcode/MacSunnySender/Frameworks/YASDI/build-xcode/CMakeFiles/CMakeTmp/CMAKE_TRY_COMPILE.build/Debug/cmTC_d4a39.build/Objects-normal/x86_64/cmTC_d4a39_dependency_info.dat -o /Users/janverrept/Documents/Development/Projects/Personal/Xcode/MacSunnySender/Frameworks/YASDI/build-xcode/CMakeFiles/CMakeTmp/Debug/cmTC_d4a39

** BUILD SUCCEEDED **



    Feature record: C_FEATURE:1c_function_prototypes
    Feature record: C_FEATURE:0c_restrict
    Feature record: C_FEATURE:0c_static_assert
    Feature record: C_FEATURE:0c_variadic_macros
